<?xml version="1.0" encoding="UTF-8"?>
<!-- Generated by org.testng.reporters.JUnitXMLReporter -->
<testsuite hostname="admin" name="Test" tests="1" failures="0" timestamp="4 Nov 2019 10:06:13 GMT" time="14.749" errors="0">
  <testcase name="@BeforeMethod openappln" time="0.0" classname="scripts.Acti_test">
    <failure type="java.io.FileNotFoundException" message=".\p.properties (The system cannot find the file specified)">
      <![CDATA[java.io.FileNotFoundException: .\p.properties (The system cannot find the file specified)
	at java.io.FileInputStream.open(Native Method)
	at java.io.FileInputStream.<init>(FileInputStream.java:138)
	at java.io.FileInputStream.<init>(FileInputStream.java:93)
	at generic_libraries.Generic_properties.property_file(Generic_properties.java:15)
	at generic_libraries.Generic_class.openappln(Generic_class.java:34)
... Removed 26 stack frames]]>
    </failure>
  </testcase> <!-- @BeforeMethod openappln -->
  <testcase name="@AfterMethod closeappln" time="0.0" classname="scripts.Acti_test">
    <skipped/>
  </testcase> <!-- @AfterMethod closeappln -->
  <testcase name="login" time="0.0" classname="scripts.Acti_test">
    <skipped/>
  </testcase> <!-- login -->
</testsuite> <!-- Test -->
