<?xml version="1.0" encoding="UTF-8"?>
<testng-results skipped="1" failed="0" total="1" passed="0">
  <reporter-output>
  </reporter-output>
  <suite name="Suite" duration-ms="14749" started-at="2019-11-04T10:05:59Z" finished-at="2019-11-04T10:06:13Z">
    <groups>
    </groups>
    <test name="Test" duration-ms="14749" started-at="2019-11-04T10:05:59Z" finished-at="2019-11-04T10:06:13Z">
      <class name="scripts.Acti_test">
        <test-method status="FAIL" signature="openappln()[pri:0, instance:scripts.Acti_test@73035e27]" name="openappln" is-config="true" duration-ms="0" started-at="2019-11-04T15:35:59Z" finished-at="2019-11-04T15:35:59Z">
          <exception class="java.io.FileNotFoundException">
            <message>
              <![CDATA[.\p.properties (The system cannot find the file specified)]]>
            </message>
            <full-stacktrace>
              <![CDATA[java.io.FileNotFoundException: .\p.properties (The system cannot find the file specified)
	at java.io.FileInputStream.open(Native Method)
	at java.io.FileInputStream.<init>(FileInputStream.java:138)
	at java.io.FileInputStream.<init>(FileInputStream.java:93)
	at generic_libraries.Generic_properties.property_file(Generic_properties.java:15)
	at generic_libraries.Generic_class.openappln(Generic_class.java:34)
	at sun.reflect.NativeMethodAccessorImpl.invoke0(Native Method)
	at sun.reflect.NativeMethodAccessorImpl.invoke(NativeMethodAccessorImpl.java:62)
	at sun.reflect.DelegatingMethodAccessorImpl.invoke(DelegatingMethodAccessorImpl.java:43)
	at java.lang.reflect.Method.invoke(Method.java:483)
	at org.testng.internal.MethodInvocationHelper.invokeMethod(MethodInvocationHelper.java:86)
	at org.testng.internal.Invoker.invokeConfigurationMethod(Invoker.java:515)
	at org.testng.internal.Invoker.invokeConfigurations(Invoker.java:216)
	at org.testng.internal.Invoker.invokeMethod(Invoker.java:590)
	at org.testng.internal.Invoker.invokeTestMethod(Invoker.java:823)
	at org.testng.internal.Invoker.invokeTestMethods(Invoker.java:1131)
	at org.testng.internal.TestMethodWorker.invokeTestMethods(TestMethodWorker.java:129)
	at org.testng.internal.TestMethodWorker.run(TestMethodWorker.java:112)
	at org.testng.TestRunner.privateRun(TestRunner.java:778)
	at org.testng.TestRunner.run(TestRunner.java:632)
	at org.testng.SuiteRunner.runTest(SuiteRunner.java:366)
	at org.testng.SuiteRunner.runSequentially(SuiteRunner.java:361)
	at org.testng.SuiteRunner.privateRun(SuiteRunner.java:319)
	at org.testng.SuiteRunner.run(SuiteRunner.java:268)
	at org.testng.SuiteRunnerWorker.runSuite(SuiteRunnerWorker.java:52)
	at org.testng.SuiteRunnerWorker.run(SuiteRunnerWorker.java:86)
	at org.testng.TestNG.runSuitesSequentially(TestNG.java:1225)
	at org.testng.TestNG.runSuitesLocally(TestNG.java:1150)
	at org.testng.TestNG.runSuites(TestNG.java:1075)
	at org.testng.TestNG.run(TestNG.java:1047)
	at org.testng.TestNG.privateMain(TestNG.java:1366)
	at org.testng.TestNG.main(TestNG.java:1335)
]]>
            </full-stacktrace>
          </exception> <!-- java.io.FileNotFoundException -->
          <reporter-output>
          </reporter-output>
        </test-method> <!-- openappln -->
        <test-method status="SKIP" signature="login()[pri:0, instance:scripts.Acti_test@73035e27]" name="login" duration-ms="0" started-at="2019-11-04T15:36:13Z" finished-at="2019-11-04T15:36:13Z">
          <reporter-output>
          </reporter-output>
        </test-method> <!-- login -->
        <test-method status="SKIP" signature="closeappln()[pri:0, instance:scripts.Acti_test@73035e27]" name="closeappln" is-config="true" duration-ms="0" started-at="2019-11-04T15:36:13Z" finished-at="2019-11-04T15:36:13Z">
          <reporter-output>
          </reporter-output>
        </test-method> <!-- closeappln -->
      </class> <!-- scripts.Acti_test -->
    </test> <!-- Test -->
  </suite> <!-- Suite -->
</testng-results>
